Running gridding->(semivariogram)->prediction ...
Gridding ...
max min 4010009.990000 4008990.000000 
gridXrange 1020
gridYrange 1020
Progress : 1 percent
Progress : 2 percent
Progress : 3 percent
Progress : 4 percent
Progress : 5 percent
Progress : 6 percent
Progress : 7 percent
Progress : 8 percent
Progress : 9 percent
Progress : 10 percent
Progress : 11 percent
Progress : 12 percent
Progress : 13 percent
Progress : 14 percent
Progress : 15 percent
Progress : 16 percent
Progress : 17 percent
Progress : 18 percent
Progress : 19 percent
Progress : 20 percent
Progress : 21 percent
Progress : 22 percent
Progress : 23 percent
Progress : 24 percent
Progress : 25 percent
Progress : 26 percent
Progress : 27 percent
Progress : 28 percent
Progress : 29 percent
Progress : 30 percent
Progress : 31 percent
Progress : 32 percent
Progress : 33 percent
Progress : 34 percent
Progress : 35 percent
Progress : 36 percent
Progress : 37 percent
Progress : 38 percent
Progress : 39 percent
Progress : 40 percent
Progress : 41 percent
Progress : 42 percent
Progress : 43 percent
Progress : 44 percent
Progress : 45 percent
Progress : 46 percent
Progress : 47 percent
Progress : 48 percent
Progress : 49 percent
Progress : 50 percent
Progress : 51 percent
Progress : 52 percent
Progress : 53 percent
Progress : 54 percent
Progress : 55 percent
Progress : 56 percent
Progress : 57 percent
Progress : 58 percent
Progress : 59 percent
Progress : 60 percent
Progress : 61 percent
Progress : 62 percent
Progress : 63 percent
Progress : 64 percent
Progress : 65 percent
Progress : 66 percent
Progress : 67 percent
Progress : 68 percent
Progress : 69 percent
Progress : 70 percent
Progress : 71 percent
Progress : 72 percent
Progress : 73 percent
Progress : 74 percent
Progress : 75 percent
Progress : 76 percent
Progress : 77 percent
Progress : 78 percent
Progress : 79 percent
Progress : 80 percent
Progress : 81 percent
Progress : 82 percent
Progress : 83 percent
Progress : 84 percent
Progress : 85 percent
Progress : 86 percent
Progress : 87 percent
Progress : 88 percent
Progress : 89 percent
Progress : 90 percent
Progress : 91 percent
Progress : 92 percent
Progress : 93 percent
Progress : 94 percent
Progress : 95 percent
Progress : 96 percent
Progress : 97 percent
Progress : 98 percent
Progress : 99 percent
Progress : 100 percent
total calculate points : 364252156
gridding_time : 15.540000
fit_time : 76.920000
semi time : 2295.440000
predict_time : 89078.310000
finished 
::::cal Processing time : 91908.540000 seconds
Running gridding->(semivariogram)->prediction ...
Gridding ...
max min 5245999.990000 5245000.000000 
gridXrange 1000
gridYrange 1000
Progress : 1 percent
Progress : 2 percent
Progress : 3 percent
Progress : 4 percent
Progress : 5 percent
Progress : 6 percent
Progress : 7 percent
Progress : 8 percent
Progress : 9 percent
Progress : 10 percent
Progress : 11 percent
Progress : 12 percent
Progress : 13 percent
Progress : 14 percent
Progress : 15 percent
Progress : 16 percent
Progress : 17 percent
Progress : 18 percent
Progress : 19 percent
Progress : 20 percent
Progress : 21 percent
Progress : 22 percent
Progress : 23 percent
Progress : 24 percent
Progress : 25 percent
Progress : 26 percent
Progress : 27 percent
Progress : 28 percent
Progress : 29 percent
Progress : 30 percent
Progress : 31 percent
Progress : 32 percent
Progress : 33 percent
Progress : 34 percent
Progress : 35 percent
Progress : 36 percent
Progress : 37 percent
Progress : 38 percent
Progress : 39 percent
Progress : 40 percent
Progress : 41 percent
Progress : 42 percent
Progress : 43 percent
Progress : 44 percent
Progress : 45 percent
Progress : 46 percent
Progress : 47 percent
Progress : 48 percent
Progress : 49 percent
Progress : 50 percent
Progress : 51 percent
Progress : 52 percent
Progress : 53 percent
Progress : 54 percent
Progress : 55 percent
Progress : 56 percent
Progress : 57 percent
Progress : 58 percent
Progress : 59 percent
Progress : 60 percent
Progress : 61 percent
Progress : 62 percent
Progress : 63 percent
Progress : 64 percent
Progress : 65 percent
Progress : 66 percent
Progress : 67 percent
Progress : 68 percent
Progress : 69 percent
Progress : 70 percent
Progress : 71 percent
Progress : 72 percent
Progress : 73 percent
Progress : 74 percent
Progress : 75 percent
Progress : 76 percent
Progress : 77 percent
Progress : 78 percent
Progress : 79 percent
Progress : 80 percent
Progress : 81 percent
Progress : 82 percent
Progress : 83 percent
Progress : 84 percent
Progress : 85 percent
Progress : 86 percent
Progress : 87 percent
Progress : 88 percent
Progress : 89 percent
Progress : 90 percent
Progress : 91 percent
Progress : 92 percent
Progress : 93 percent
Progress : 94 percent
Progress : 95 percent
Progress : 96 percent
Progress : 97 percent
Progress : 98 percent
Progress : 99 percent
Progress : 100 percent
total calculate points : 95584572
gridding_time : 5.610000
fit_time : 74.640000
semi time : 309.300000
predict_time : 7712.360000
finished 
::::cal Processing time : 8176.920000 seconds
Running gridding->(semivariogram)->prediction ...
Gridding ...
max min 4010009.990000 4008990.000000 
gridXrange 1020
gridYrange 1020
Progress : 1 percent
Progress : 2 percent
Progress : 3 percent
Progress : 4 percent
Progress : 5 percent
Progress : 6 percent
Progress : 7 percent
Progress : 8 percent
Progress : 9 percent
Progress : 10 percent
Progress : 11 percent
Progress : 12 percent
Progress : 13 percent
Progress : 14 percent
Progress : 15 percent
Progress : 16 percent
Progress : 17 percent
Progress : 18 percent
Progress : 19 percent
Progress : 20 percent
Progress : 21 percent
Progress : 22 percent
Progress : 23 percent
Progress : 24 percent
Progress : 25 percent
Progress : 26 percent
Progress : 27 percent
Progress : 28 percent
Progress : 29 percent
Progress : 30 percent
Progress : 31 percent
Progress : 32 percent
Progress : 33 percent
Progress : 34 percent
Progress : 35 percent
Progress : 36 percent
Progress : 37 percent
Progress : 38 percent
Progress : 39 percent
Progress : 40 percent
Progress : 41 percent
Progress : 42 percent
Progress : 43 percent
Progress : 44 percent
Progress : 45 percent
Progress : 46 percent
Progress : 47 percent
Progress : 48 percent
Progress : 49 percent
Progress : 50 percent
Progress : 51 percent
Progress : 52 percent
Progress : 53 percent
Progress : 54 percent
Progress : 55 percent
Progress : 56 percent
Progress : 57 percent
Progress : 58 percent
Progress : 59 percent
Progress : 60 percent
Progress : 61 percent
Progress : 62 percent
Progress : 63 percent
Progress : 64 percent
Progress : 65 percent
Progress : 66 percent
Progress : 67 percent
Progress : 68 percent
Progress : 69 percent
Progress : 70 percent
Progress : 71 percent
Progress : 72 percent
Progress : 73 percent
Progress : 74 percent
Progress : 75 percent
Progress : 76 percent
Progress : 77 percent
Progress : 78 percent
Progress : 79 percent
Progress : 80 percent
Progress : 81 percent
Progress : 82 percent
Progress : 83 percent
Progress : 84 percent
Progress : 85 percent
Progress : 86 percent
Progress : 87 percent
Progress : 88 percent
Progress : 89 percent
Progress : 90 percent
Progress : 91 percent
Progress : 92 percent
Progress : 93 percent
Progress : 94 percent
Progress : 95 percent
Progress : 96 percent
Progress : 97 percent
Progress : 98 percent
Progress : 99 percent
Progress : 100 percent
total calculate points : 112659420
gridding_time : 5.830000
fit_time : 78.690000
semi time : 229.790000
predict_time : 2977.750000
finished 
::::cal Processing time : 3359.100000 seconds
Running gridding->(semivariogram)->prediction ...
Gridding ...
max min 4010009.990000 4008990.000000 
gridXrange 1020
gridYrange 1020
Progress : 1 percent
Progress : 2 percent
Progress : 3 percent
Progress : 4 percent
Progress : 5 percent
Progress : 6 percent
Progress : 7 percent
Progress : 8 percent
Progress : 9 percent
Progress : 10 percent
Progress : 11 percent
Progress : 12 percent
Progress : 13 percent
Progress : 14 percent
Progress : 15 percent
Progress : 16 percent
Progress : 17 percent
Progress : 18 percent
Progress : 19 percent
Progress : 20 percent
Progress : 21 percent
Progress : 22 percent
Progress : 23 percent
Progress : 24 percent
Progress : 25 percent
Progress : 26 percent
Progress : 27 percent
Progress : 28 percent
Progress : 29 percent
Progress : 30 percent
Progress : 31 percent
Progress : 32 percent
Progress : 33 percent
Progress : 34 percent
Progress : 35 percent
Progress : 36 percent
Progress : 37 percent
Progress : 38 percent
Progress : 39 percent
Progress : 40 percent
Progress : 41 percent
Progress : 42 percent
Progress : 43 percent
Progress : 44 percent
Progress : 45 percent
Progress : 46 percent
Progress : 47 percent
Progress : 48 percent
Progress : 49 percent
Progress : 50 percent
Progress : 51 percent
Progress : 52 percent
Progress : 53 percent
Progress : 54 percent
Progress : 55 percent
Progress : 56 percent
Progress : 57 percent
Progress : 58 percent
Progress : 59 percent
Progress : 60 percent
Progress : 61 percent
Progress : 62 percent
Progress : 63 percent
Progress : 64 percent
Progress : 65 percent
Progress : 66 percent
Progress : 67 percent
Progress : 68 percent
Progress : 69 percent
Progress : 70 percent
Progress : 71 percent
Progress : 72 percent
Progress : 73 percent
Progress : 74 percent
Progress : 75 percent
Progress : 76 percent
Progress : 77 percent
Progress : 78 percent
Progress : 79 percent
Progress : 80 percent
Progress : 81 percent
Progress : 82 percent
Progress : 83 percent
Progress : 84 percent
Progress : 85 percent
Progress : 86 percent
Progress : 87 percent
Progress : 88 percent
Progress : 89 percent
Progress : 90 percent
Progress : 91 percent
Progress : 92 percent
Progress : 93 percent
Progress : 94 percent
Progress : 95 percent
Progress : 96 percent
Progress : 97 percent
Progress : 98 percent
Progress : 99 percent
Progress : 100 percent
total calculate points : 112659420
gridding_time : 4.840000
fit_time : 25.870000
semi time : 166.910000
predict_time : 784.850000
finished 
::::cal Processing time : 1012.690000 seconds
Running gridding->(semivariogram)->prediction ...
Gridding ...
max min 4010009.990000 4008990.000000 
gridXrange 1020
gridYrange 1020
Progress : 1 percent
Progress : 2 percent
Progress : 3 percent
Progress : 4 percent
Progress : 5 percent
Progress : 6 percent
Progress : 7 percent
Progress : 8 percent
Progress : 9 percent
Progress : 10 percent
Progress : 11 percent
Progress : 12 percent
Progress : 13 percent
Progress : 14 percent
Progress : 15 percent
Progress : 16 percent
Progress : 17 percent
Progress : 18 percent
Progress : 19 percent
Progress : 20 percent
Progress : 21 percent
Progress : 22 percent
Progress : 23 percent
Progress : 24 percent
Progress : 25 percent
Progress : 26 percent
Progress : 27 percent
Progress : 28 percent
Progress : 29 percent
Progress : 30 percent
Progress : 31 percent
Progress : 32 percent
Progress : 33 percent
Progress : 34 percent
Progress : 35 percent
Progress : 36 percent
Progress : 37 percent
Progress : 38 percent
Progress : 39 percent
Progress : 40 percent
Progress : 41 percent
Progress : 42 percent
Progress : 43 percent
Progress : 44 percent
Progress : 45 percent
Progress : 46 percent
Progress : 47 percent
Progress : 48 percent
Progress : 49 percent
Progress : 50 percent
Progress : 51 percent
Progress : 52 percent
Progress : 53 percent
Progress : 54 percent
Progress : 55 percent
Progress : 56 percent
Progress : 57 percent
Progress : 58 percent
Progress : 59 percent
Progress : 60 percent
Progress : 61 percent
Progress : 62 percent
Progress : 63 percent
Progress : 64 percent
Progress : 65 percent
Progress : 66 percent
Progress : 67 percent
Progress : 68 percent
Progress : 69 percent
Progress : 70 percent
Progress : 71 percent
Progress : 72 percent
Progress : 73 percent
Progress : 74 percent
Progress : 75 percent
Progress : 76 percent
Progress : 77 percent
Progress : 78 percent
Progress : 79 percent
Progress : 80 percent
Progress : 81 percent
Progress : 82 percent
Progress : 83 percent
Progress : 84 percent
Progress : 85 percent
Progress : 86 percent
Progress : 87 percent
Progress : 88 percent
Progress : 89 percent
Progress : 90 percent
Progress : 91 percent
Progress : 92 percent
Progress : 93 percent
Progress : 94 percent
Progress : 95 percent
Progress : 96 percent
Progress : 97 percent
Progress : 98 percent
Progress : 99 percent
Progress : 100 percent
total calculate points : 364252156
gridding_time : 13.540000
fit_time : 26.330000
semi time : 1649.690000
predict_time : 22137.260000
finished 
::::cal Processing time : 23931.150000 seconds
Running gridding->(semivariogram)->prediction ...
Gridding ...
max min 5245999.990000 5245000.000000 
gridXrange 1000
gridYrange 1000
Progress : 1 percent
Progress : 2 percent
Progress : 3 percent
Progress : 4 percent
Progress : 5 percent
Progress : 6 percent
Progress : 7 percent
Progress : 8 percent
Progress : 9 percent
Progress : 10 percent
Progress : 11 percent
Progress : 12 percent
Progress : 13 percent
Progress : 14 percent
Progress : 15 percent
Progress : 16 percent
Progress : 17 percent
Progress : 18 percent
Progress : 19 percent
Progress : 20 percent
Progress : 21 percent
Progress : 22 percent
Progress : 23 percent
Progress : 24 percent
Progress : 25 percent
Progress : 26 percent
Progress : 27 percent
Progress : 28 percent
Progress : 29 percent
Progress : 30 percent
Progress : 31 percent
Progress : 32 percent
Progress : 33 percent
Progress : 34 percent
Progress : 35 percent
Progress : 36 percent
Progress : 37 percent
Progress : 38 percent
Progress : 39 percent
Progress : 40 percent
Progress : 41 percent
Progress : 42 percent
Progress : 43 percent
Progress : 44 percent
Progress : 45 percent
Progress : 46 percent
Progress : 47 percent
Progress : 48 percent
Progress : 49 percent
Progress : 50 percent
Progress : 51 percent
Progress : 52 percent
Progress : 53 percent
Progress : 54 percent
Progress : 55 percent
Progress : 56 percent
Progress : 57 percent
Progress : 58 percent
Progress : 59 percent
Progress : 60 percent
Progress : 61 percent
Progress : 62 percent
Progress : 63 percent
Progress : 64 percent
Progress : 65 percent
Progress : 66 percent
Progress : 67 percent
Progress : 68 percent
Progress : 69 percent
Progress : 70 percent
Progress : 71 percent
Progress : 72 percent
Progress : 73 percent
Progress : 74 percent
Progress : 75 percent
Progress : 76 percent
Progress : 77 percent
Progress : 78 percent
Progress : 79 percent
Progress : 80 percent
Progress : 81 percent
Progress : 82 percent
Progress : 83 percent
Progress : 84 percent
Progress : 85 percent
Progress : 86 percent
Progress : 87 percent
Progress : 88 percent
Progress : 89 percent
Progress : 90 percent
Progress : 91 percent
Progress : 92 percent
Progress : 93 percent
Progress : 94 percent
Progress : 95 percent
Progress : 96 percent
Progress : 97 percent
Progress : 98 percent
Progress : 99 percent
Progress : 100 percent
total calculate points : 95584572
gridding_time : 4.110000
fit_time : 24.380000
semi time : 222.220000
predict_time : 1985.450000
finished 
::::cal Processing time : 2264.150000 seconds
